# JRE version: Java(TM) SE Runtime Environment (8.0_201-b09) (build 1.8.0_201-b09)
# Java VM: Java HotSpot(TM) 64-Bit Server VM (25.201-b09 mixed mode linux-amd64 compressed oops)
Heap:
 PSYoungGen      total 527360K, used 150958K [0x000000076cb80000, 0x0000000791080000, 0x00000007c0000000)
  eden space 483328K, 31% used [0x000000076cb80000,0x0000000775dd3b18,0x000000078a380000)
  from space 44032K, 2% used [0x000000078a380000,0x000000078a498090,0x000000078ce80000)
  to   space 42496K, 0% used [0x000000078e700000,0x000000078e700000,0x0000000791080000)
 ParOldGen       total 199680K, used 31765K [0x00000006c6200000, 0x00000006d2500000, 0x000000076cb80000)
  object space 199680K, 15% used [0x00000006c6200000,0x00000006c8105720,0x00000006d2500000)
 Metaspace       used 94918K, capacity 107205K, committed 107304K, reserved 1142784K
  class space    used 12670K, capacity 13517K, committed 13608K, reserved 1048576K
GC Heap History (10 events):
Event: 124.410 GC heap before
{Heap before GC invocations=17 (full 4):
 PSYoungGen      total 411136K, used 376912K [0x000000076cb80000, 0x0000000789880000, 0x00000007c0000000)
  eden space 375808K, 100% used [0x000000076cb80000,0x0000000783a80000,0x0000000783a80000)
  from space 35328K, 3% used [0x0000000787600000,0x0000000787714080,0x0000000789880000)
  to   space 48128K, 0% used [0x0000000783a80000,0x0000000783a80000,0x0000000786980000)
 ParOldGen       total 199680K, used 31757K [0x00000006c6200000, 0x00000006d2500000, 0x000000076cb80000)
  object space 199680K, 15% used [0x00000006c6200000,0x00000006c8103720,0x00000006d2500000)
 Metaspace       used 93518K, capacity 104891K, committed 105256K, reserved 1140736K
  class space    used 12475K, capacity 13225K, committed 13352K, reserved 1048576K
Event: 124.413 GC heap after
Heap after GC invocations=17 (full 4):
 PSYoungGen      total 423936K, used 1136K [0x000000076cb80000, 0x000000078e080000, 0x00000007c0000000)
  eden space 375808K, 0% used [0x000000076cb80000,0x000000076cb80000,0x0000000783a80000)
  from space 48128K, 2% used [0x0000000783a80000,0x0000000783b9c080,0x0000000786980000)
  to   space 47616K, 0% used [0x000000078b200000,0x000000078b200000,0x000000078e080000)
 ParOldGen       total 199680K, used 31757K [0x00000006c6200000, 0x00000006d2500000, 0x000000076cb80000)
  object space 199680K, 15% used [0x00000006c6200000,0x00000006c8103720,0x00000006d2500000)
 Metaspace       used 93518K, capacity 104891K, committed 105256K, reserved 1140736K
  class space    used 12475K, capacity 13225K, committed 13352K, reserved 1048576K
}
Event: 159.865 GC heap before
{Heap before GC invocations=18 (full 4):
 PSYoungGen      total 423936K, used 376944K [0x000000076cb80000, 0x000000078e080000, 0x00000007c0000000)
  eden space 375808K, 100% used [0x000000076cb80000,0x0000000783a80000,0x0000000783a80000)
  from space 48128K, 2% used [0x0000000783a80000,0x0000000783b9c080,0x0000000786980000)
  to   space 47616K, 0% used [0x000000078b200000,0x000000078b200000,0x000000078e080000)
 ParOldGen       total 199680K, used 31757K [0x00000006c6200000, 0x00000006d2500000, 0x000000076cb80000)
  object space 199680K, 15% used [0x00000006c6200000,0x00000006c8103720,0x00000006d2500000)
 Metaspace       used 93518K, capacity 104891K, committed 105256K, reserved 1140736K
  class space    used 12475K, capacity 13225K, committed 13352K, reserved 1048576K
Event: 159.870 GC heap after
Heap after GC invocations=18 (full 4):
 PSYoungGen      total 469504K, used 1120K [0x000000076cb80000, 0x000000078d180000, 0x00000007c0000000)
  eden space 437248K, 0% used [0x000000076cb80000,0x000000076cb80000,0x0000000787680000)
  from space 32256K, 3% used [0x000000078b200000,0x000000078b318090,0x000000078d180000)
  to   space 46592K, 0% used [0x0000000787680000,0x0000000787680000,0x000000078a400000)
 ParOldGen       total 199680K, used 31757K [0x00000006c6200000, 0x00000006d2500000, 0x000000076cb80000)
  object space 199680K, 15% used [0x00000006c6200000,0x00000006c8103720,0x00000006d2500000)
 Metaspace       used 93518K, capacity 104891K, committed 105256K, reserved 1140736K
  class space    used 12475K, capacity 13225K, committed 13352K, reserved 1048576K
}
Event: 200.980 GC heap before
{Heap before GC invocations=19 (full 4):
 PSYoungGen      total 469504K, used 438368K [0x000000076cb80000, 0x000000078d180000, 0x00000007c0000000)
  eden space 437248K, 100% used [0x000000076cb80000,0x0000000787680000,0x0000000787680000)
  from space 32256K, 3% used [0x000000078b200000,0x000000078b318090,0x000000078d180000)
  to   space 46592K, 0% used [0x0000000787680000,0x0000000787680000,0x000000078a400000)
 ParOldGen       total 199680K, used 31757K [0x00000006c6200000, 0x00000006d2500000, 0x000000076cb80000)
  object space 199680K, 15% used [0x00000006c6200000,0x00000006c8103720,0x00000006d2500000)
 Metaspace       used 93518K, capacity 104891K, committed 105256K, reserved 1140736K
  class space    used 12475K, capacity 13225K, committed 13352K, reserved 1048576K
Event: 200.985 GC heap after
Heap after GC invocations=19 (full 4):
 PSYoungGen      total 483840K, used 1104K [0x000000076cb80000, 0x0000000790800000, 0x00000007c0000000)
  eden space 437248K, 0% used [0x000000076cb80000,0x000000076cb80000,0x0000000787680000)
  from space 46592K, 2% used [0x0000000787680000,0x0000000787794080,0x000000078a400000)
  to   space 45568K, 0% used [0x000000078db80000,0x000000078db80000,0x0000000790800000)
 ParOldGen       total 199680K, used 31765K [0x00000006c6200000, 0x00000006d2500000, 0x000000076cb80000)
  object space 199680K, 15% used [0x00000006c6200000,0x00000006c8105720,0x00000006d2500000)
 Metaspace       used 93518K, capacity 104891K, committed 105256K, reserved 1140736K
  class space    used 12475K, capacity 13225K, committed 13352K, reserved 1048576K
}
Event: 241.879 GC heap before
{Heap before GC invocations=20 (full 4):
 PSYoungGen      total 483840K, used 438352K [0x000000076cb80000, 0x0000000790800000, 0x00000007c0000000)
  eden space 437248K, 100% used [0x000000076cb80000,0x0000000787680000,0x0000000787680000)
  from space 46592K, 2% used [0x0000000787680000,0x0000000787794080,0x000000078a400000)
  to   space 45568K, 0% used [0x000000078db80000,0x000000078db80000,0x0000000790800000)
 ParOldGen       total 199680K, used 31765K [0x00000006c6200000, 0x00000006d2500000, 0x000000076cb80000)
  object space 199680K, 15% used [0x00000006c6200000,0x00000006c8105720,0x00000006d2500000)
 Metaspace       used 93532K, capacity 104899K, committed 105256K, reserved 1140736K
  class space    used 12475K, capacity 13225K, committed 13352K, reserved 1048576K
Event: 241.885 GC heap after
Heap after GC invocations=20 (full 4):
 PSYoungGen      total 514048K, used 1120K [0x000000076cb80000, 0x000000078f980000, 0x00000007c0000000)
  eden space 483328K, 0% used [0x000000076cb80000,0x000000076cb80000,0x000000078a380000)
  from space 30720K, 3% used [0x000000078db80000,0x000000078dc98090,0x000000078f980000)
  to   space 44032K, 0% used [0x000000078a380000,0x000000078a380000,0x000000078ce80000)
 ParOldGen       total 199680K, used 31765K [0x00000006c6200000, 0x00000006d2500000, 0x000000076cb80000)
  object space 199680K, 15% used [0x00000006c6200000,0x00000006c8105720,0x00000006d2500000)
 Metaspace       used 93532K, capacity 104899K, committed 105256K, reserved 1140736K
  class space    used 12475K, capacity 13225K, committed 13352K, reserved 1048576K
}
Event: 286.975 GC heap before
{Heap before GC invocations=21 (full 4):
 PSYoungGen      total 514048K, used 484448K [0x000000076cb80000, 0x000000078f980000, 0x00000007c0000000)
  eden space 483328K, 100% used [0x000000076cb80000,0x000000078a380000,0x000000078a380000)
  from space 30720K, 3% used [0x000000078db80000,0x000000078dc98090,0x000000078f980000)
  to   space 44032K, 0% used [0x000000078a380000,0x000000078a380000,0x000000078ce80000)
 ParOldGen       total 199680K, used 31765K [0x00000006c6200000, 0x00000006d2500000, 0x000000076cb80000)
  object space 199680K, 15% used [0x00000006c6200000,0x00000006c8105720,0x00000006d2500000)
 Metaspace       used 93532K, capacity 104899K, committed 105256K, reserved 1140736K
  class space    used 12475K, capacity 13225K, committed 13352K, reserved 1048576K
Event: 286.978 GC heap after
Heap after GC invocations=21 (full 4):
 PSYoungGen      total 527360K, used 1120K [0x000000076cb80000, 0x0000000791080000, 0x00000007c0000000)
  eden space 483328K, 0% used [0x000000076cb80000,0x000000076cb80000,0x000000078a380000)
  from space 44032K, 2% used [0x000000078a380000,0x000000078a498090,0x000000078ce80000)
  to   space 42496K, 0% used [0x000000078e700000,0x000000078e700000,0x0000000791080000)
 ParOldGen       total 199680K, used 31765K [0x00000006c6200000, 0x00000006d2500000, 0x000000076cb80000)
  object space 199680K, 15% used [0x00000006c6200000,0x00000006c8105720,0x00000006d2500000)
 Metaspace       used 93532K, capacity 104899K, committed 105256K, reserved 1140736K
  class space    used 12475K, capacity 13225K, committed 13352K, reserved 1048576K
}

